[0m14:35:38.144606 [debug] [MainThread]: Sending event: {'category': 'dbt', 'action': 'invocation', 'label': 'start', 'context': [<snowplow_tracker.self_describing_json.SelfDescribingJson object at 0x10a385d00>, <snowplow_tracker.self_describing_json.SelfDescribingJson object at 0x10a547d10>, <snowplow_tracker.self_describing_json.SelfDescribingJson object at 0x10a547e30>]}


============================== 14:35:38.147517 | 61a376a7-bbef-4e28-a7a9-9d4f045542cc ==============================
[0m14:35:38.147517 [info ] [MainThread]: Running with dbt=1.7.9
[0m14:35:38.147858 [debug] [MainThread]: running dbt with arguments {'printer_width': '80', 'indirect_selection': 'eager', 'write_json': 'True', 'log_cache_events': 'False', 'partial_parse': 'True', 'cache_selected_only': 'False', 'warn_error': 'None', 'debug': 'False', 'fail_fast': 'False', 'log_path': 'logs', 'profiles_dir': '/Users/anaellepinceloup/.dbt', 'version_check': 'True', 'use_colors': 'True', 'use_experimental_parser': 'False', 'no_print': 'None', 'quiet': 'False', 'log_format': 'default', 'introspect': 'True', 'invocation_command': 'dbt init', 'static_parser': 'True', 'target_path': 'None', 'warn_error_options': 'WarnErrorOptions(include=[], exclude=[])', 'send_anonymous_usage_stats': 'True'}
[0m14:35:53.354881 [debug] [MainThread]: Starter project path: /Applications/anaconda3/envs/dbt1/lib/python3.12/site-packages/dbt/include/starter_project
[0m14:35:53.366052 [info ] [MainThread]: 
Your new dbt project "PROJET_DBT" was created!

For more information on how to configure the profiles.yml file,
please consult the dbt documentation here:

  https://docs.getdbt.com/docs/configure-your-profile

One more thing:

Need help? Don't hesitate to reach out to us via GitHub issues or on Slack:

  https://community.getdbt.com/

Happy modeling!

[0m14:35:53.366355 [info ] [MainThread]: Setting up your profile.
[0m14:36:04.328098 [debug] [MainThread]: Sending event: {'category': 'dbt', 'action': 'invocation', 'label': 'end', 'context': [<snowplow_tracker.self_describing_json.SelfDescribingJson object at 0x10a57b650>, <snowplow_tracker.self_describing_json.SelfDescribingJson object at 0x10b2a3140>, <snowplow_tracker.self_describing_json.SelfDescribingJson object at 0x10a547f50>]}
[0m14:36:04.328490 [debug] [MainThread]: Flushing usage events
[0m16:46:53.186829 [debug] [MainThread]: Sending event: {'category': 'dbt', 'action': 'invocation', 'label': 'start', 'context': [<snowplow_tracker.self_describing_json.SelfDescribingJson object at 0x10500b890>, <snowplow_tracker.self_describing_json.SelfDescribingJson object at 0x105060a70>, <snowplow_tracker.self_describing_json.SelfDescribingJson object at 0x105060710>]}


============================== 16:46:53.190159 | 31bdf1b0-9ceb-4703-b509-b4817b567257 ==============================
[0m16:46:53.190159 [info ] [MainThread]: Running with dbt=1.7.9
[0m16:46:53.190518 [debug] [MainThread]: running dbt with arguments {'printer_width': '80', 'indirect_selection': 'eager', 'write_json': 'True', 'log_cache_events': 'False', 'partial_parse': 'True', 'cache_selected_only': 'False', 'warn_error': 'None', 'version_check': 'True', 'debug': 'False', 'log_path': 'logs', 'fail_fast': 'False', 'profiles_dir': '/Users/anaellepinceloup/.dbt', 'use_colors': 'True', 'use_experimental_parser': 'False', 'no_print': 'None', 'quiet': 'False', 'log_format': 'default', 'invocation_command': 'dbt run', 'introspect': 'True', 'static_parser': 'True', 'target_path': 'None', 'warn_error_options': 'WarnErrorOptions(include=[], exclude=[])', 'send_anonymous_usage_stats': 'True'}
[0m16:46:53.190853 [error] [MainThread]: Encountered an error:
Runtime Error
  No dbt_project.yml found at expected path /Users/anaellepinceloup/Documents/dbt_quete/dbt_project.yml
  Verify that each entry within packages.yml (and their transitive dependencies) contains a file named dbt_project.yml
  
[0m16:46:53.192176 [debug] [MainThread]: Sending event: {'category': 'dbt', 'action': 'invocation', 'label': 'end', 'context': [<snowplow_tracker.self_describing_json.SelfDescribingJson object at 0x105060890>, <snowplow_tracker.self_describing_json.SelfDescribingJson object at 0x1050625a0>, <snowplow_tracker.self_describing_json.SelfDescribingJson object at 0x105061d90>]}
[0m16:46:53.192400 [debug] [MainThread]: Flushing usage events
